<html>
<body>
<pre>
<h1>µVision Build Log</h1>
<h2>Project:</h2>
C:\Users\Anteq\Desktop\Projekty\Szkola\Studia\zzpsw\FreeRTOS\Demo\ARM7_LPC2129_Keil_RVDS\RTOSDemo.uvproj
Project File Date:  01/03/2026

<h2>Output:</h2>
Build target 'RTOSDemo_THUMB'
assembling Startup.s...
compiling main.c...
compiling led.c...
compiling string.c...
compiling uart.c...
compiling keyboard.c...
compiling serwo.c...
serwo.c(87): warning:  #223-D: function "LedStepLeft" declared implicitly
serwo.c(120): warning:  #223-D: function "LedStepRight" declared implicitly
serwo.c(124): warning:  #223-D: function "LedStepLeft" declared implicitly
compiling tasks.c...
compiling list.c...
compiling queue.c...
compiling port.c...
compiling heap_2.c...
assembling portASM.s...
linking...
.\bin\RTOSDemo.axf: Error: L6218E: Undefined symbol LedStepLeft (referred from serwo.o).
.\bin\RTOSDemo.axf: Error: L6218E: Undefined symbol LedStepRight (referred from serwo.o).
".\bin\RTOSDemo.axf" - 2 Errors, 3 Warning(s).
Target not created
Build target 'RTOSDemo_THUMB'
compiling serwo.c...
linking...
Program Size: Code=8464 RO-data=32 RW-data=92 ZI-data=7988  
FromELF: creating hex file...
".\bin\RTOSDemo.axf" - 0 Errors, 0 Warning(s).
Build target 'RTOSDemo_THUMB'
compiling main.c...
compiling serwo.c...
serwo.c(3): error:  #5: cannot open source input file "timer_interrupts.h": No such file or directory
".\bin\RTOSDemo.axf" - 1 Errors, 0 Warning(s).
Target not created
Build target 'RTOSDemo_THUMB'
compiling serwo.c...
serwo.c(3): error:  #5: cannot open source input file "timer_interrupts.h": No such file or directory
".\bin\RTOSDemo.axf" - 1 Errors, 0 Warning(s).
Target not created
Build target 'RTOSDemo_THUMB'
compiling serwo.c...
serwo.c(42): warning:  #223-D: function "LedStepLeft" declared implicitly
serwo.c(61): warning:  #223-D: function "LedStepLeft" declared implicitly
serwo.c(80): warning:  #223-D: function "LedStepRight" declared implicitly
serwo.c(87): warning:  #223-D: function "LedStepLeft" declared implicitly
serwo.c(104): warning:  #223-D: function "Timer1Interrupts_Init" declared implicitly
linking...
.\bin\RTOSDemo.axf: Error: L6218E: Undefined symbol LedStepLeft (referred from serwo.o).
.\bin\RTOSDemo.axf: Error: L6218E: Undefined symbol LedStepRight (referred from serwo.o).
.\bin\RTOSDemo.axf: Error: L6218E: Undefined symbol Timer1Interrupts_Init (referred from serwo.o).
".\bin\RTOSDemo.axf" - 3 Errors, 5 Warning(s).
Target not created
Build target 'RTOSDemo_THUMB'
compiling main.c...
main.c(3): error:  #5: cannot open source input file "serwo.h": No such file or directory
compiling servo.c...
servo.c(43): warning:  #223-D: function "LedStepRight" declared implicitly
servo.c(46): warning:  #223-D: function "LedStepLeft" declared implicitly
servo.c(54): warning:  #223-D: function "LedStepLeft" declared implicitly
servo.c(68): warning:  #223-D: function "LedInit" declared implicitly
".\bin\RTOSDemo.axf" - 1 Errors, 4 Warning(s).
Target not created
Build target 'RTOSDemo_THUMB'
compiling main.c...
main.c(3): error:  #5: cannot open source input file "serwo.h": No such file or directory
compiling servo.c...
servo.c(43): warning:  #223-D: function "LedStepRight" declared implicitly
servo.c(46): warning:  #223-D: function "LedStepLeft" declared implicitly
servo.c(54): warning:  #223-D: function "LedStepLeft" declared implicitly
servo.c(68): warning:  #223-D: function "LedInit" declared implicitly
compiling timer_interrupts.c...
".\bin\RTOSDemo.axf" - 1 Errors, 4 Warning(s).
Target not created
Build target 'RTOSDemo_THUMB'
compiling main.c...
main.c(3): error:  #5: cannot open source input file "serwo.h": No such file or directory
compiling timer_interrupts.c...
".\bin\RTOSDemo.axf" - 1 Errors, 0 Warning(s).
Target not created
Build target 'RTOSDemo_THUMB'
compiling main.c...
linking...
.\bin\RTOSDemo.axf: Error: L6218E: Undefined symbol LedInit (referred from servo.o).
.\bin\RTOSDemo.axf: Error: L6218E: Undefined symbol LedStepLeft (referred from servo.o).
.\bin\RTOSDemo.axf: Error: L6218E: Undefined symbol LedStepRight (referred from servo.o).
".\bin\RTOSDemo.axf" - 3 Errors, 0 Warning(s).
Target not created
Build target 'RTOSDemo_THUMB'
linking...
.\bin\RTOSDemo.axf: Error: L6218E: Undefined symbol LedInit (referred from servo.o).
.\bin\RTOSDemo.axf: Error: L6218E: Undefined symbol LedStepLeft (referred from servo.o).
.\bin\RTOSDemo.axf: Error: L6218E: Undefined symbol LedStepRight (referred from servo.o).
".\bin\RTOSDemo.axf" - 3 Errors, 0 Warning(s).
Target not created
Build target 'RTOSDemo_THUMB'
linking...
.\bin\RTOSDemo.axf: Error: L6218E: Undefined symbol LedInit (referred from servo.o).
.\bin\RTOSDemo.axf: Error: L6218E: Undefined symbol LedStepLeft (referred from servo.o).
.\bin\RTOSDemo.axf: Error: L6218E: Undefined symbol LedStepRight (referred from servo.o).
".\bin\RTOSDemo.axf" - 3 Errors, 0 Warning(s).
Target not created
Build target 'RTOSDemo_THUMB'
compiling led.c...
compiling servo.c...
servo.c(68): warning:  #223-D: function "LedInit" declared implicitly
compiling timer_interrupts.c...
linking...
.\bin\RTOSDemo.axf: Error: L6218E: Undefined symbol LedInit (referred from servo.o).
".\bin\RTOSDemo.axf" - 1 Errors, 1 Warning(s).
Target not created
Build target 'RTOSDemo_THUMB'
compiling led.c...
compiling servo.c...
compiling timer_interrupts.c...
linking...
.\bin\RTOSDemo.axf: Error: L6218E: Undefined symbol LedInit (referred from servo.o).
".\bin\RTOSDemo.axf" - 1 Errors, 0 Warning(s).
Target not created
Build target 'RTOSDemo_THUMB'
linking...
.\bin\RTOSDemo.axf: Error: L6218E: Undefined symbol LedInit (referred from servo.o).
".\bin\RTOSDemo.axf" - 1 Errors, 0 Warning(s).
Target not created
Build target 'RTOSDemo_THUMB'
compiling led.c...
linking...
Program Size: Code=8464 RO-data=32 RW-data=92 ZI-data=7988  
FromELF: creating hex file...
".\bin\RTOSDemo.axf" - 0 Errors, 0 Warning(s).
Build target 'RTOSDemo_THUMB'
linking...
Program Size: Code=8464 RO-data=32 RW-data=92 ZI-data=7988  
FromELF: creating hex file...
".\bin\RTOSDemo.axf" - 0 Errors, 0 Warning(s).
Build target 'RTOSDemo_THUMB'
compiling main.c...
compiling servo.c...
servo.c(71): warning:  #223-D: function "Timer1Interrupts_Init" declared implicitly
compiling timer_interrupts.c...
timer_interrupts.c(67): error:  #20: identifier "VIC_TIMER1_CHANNEL_NR" is undefined
".\bin\RTOSDemo.axf" - 1 Errors, 1 Warning(s).
Target not created
Build target 'RTOSDemo_THUMB'
compiling timer_interrupts.c...
timer_interrupts.c(15): warning:  #47-D: incompatible redefinition of macro "VIC_TIMER0_CHANNEL_NR" (declared at line 14)
timer_interrupts.c(68): error:  #20: identifier "VIC_TIMER1_CHANNEL_NR" is undefined
".\bin\RTOSDemo.axf" - 1 Errors, 1 Warning(s).
Target not created
Build target 'RTOSDemo_THUMB'
compiling timer_interrupts.c...
timer_interrupts.c(15): warning:  #47-D: incompatible redefinition of macro "VIC_TIMER0_CHANNEL_NR" (declared at line 14)
timer_interrupts.c(68): error:  #20: identifier "VIC_TIMER1_CHANNEL_NR" is undefined
".\bin\RTOSDemo.axf" - 1 Errors, 1 Warning(s).
Target not created
Build target 'RTOSDemo_THUMB'
compiling timer_interrupts.c...
linking...
Program Size: Code=9544 RO-data=32 RW-data=104 ZI-data=8000  
FromELF: creating hex file...
".\bin\RTOSDemo.axf" - 0 Errors, 0 Warning(s).
Build target 'RTOSDemo_THUMB'
linking...
Program Size: Code=9544 RO-data=32 RW-data=104 ZI-data=8000  
FromELF: creating hex file...
".\bin\RTOSDemo.axf" - 0 Errors, 0 Warning(s).
Build target 'RTOSDemo_THUMB'
linking...
Program Size: Code=9544 RO-data=32 RW-data=104 ZI-data=8000  
FromELF: creating hex file...
".\bin\RTOSDemo.axf" - 0 Errors, 0 Warning(s).
Build target 'RTOSDemo_THUMB'
linking...
Program Size: Code=9544 RO-data=32 RW-data=104 ZI-data=8000  
FromELF: creating hex file...
".\bin\RTOSDemo.axf" - 0 Errors, 0 Warning(s).
Build target 'RTOSDemo_THUMB'
compiling main.c...
linking...
Program Size: Code=9572 RO-data=32 RW-data=104 ZI-data=8000  
FromELF: creating hex file...
".\bin\RTOSDemo.axf" - 0 Errors, 0 Warning(s).
Build target 'RTOSDemo_THUMB'
compiling main.c...
linking...
Program Size: Code=9576 RO-data=32 RW-data=104 ZI-data=8000  
FromELF: creating hex file...
".\bin\RTOSDemo.axf" - 0 Errors, 0 Warning(s).
Build target 'RTOSDemo_THUMB'
compiling main.c...
compiling servo.c...
timer_interrupts.h(24): warning:  #1-D: last line of file ends without a newline
compiling timer_interrupts.c...
timer_interrupts.h(24): warning:  #1-D: last line of file ends without a newline
timer_interrupts.c(64): warning:  #1-D: last line of file ends without a newline
linking...
Program Size: Code=9572 RO-data=32 RW-data=104 ZI-data=8000  
FromELF: creating hex file...
".\bin\RTOSDemo.axf" - 0 Errors, 3 Warning(s).
Build target 'RTOSDemo_THUMB'
linking...
Program Size: Code=9572 RO-data=32 RW-data=104 ZI-data=8000  
FromELF: creating hex file...
".\bin\RTOSDemo.axf" - 0 Errors, 0 Warning(s).
Build target 'RTOSDemo_THUMB'
compiling servo.c...
compiling timer_interrupts.c...
linking...
Program Size: Code=9572 RO-data=32 RW-data=104 ZI-data=8000  
FromELF: creating hex file...
".\bin\RTOSDemo.axf" - 0 Errors, 0 Warning(s).
Build target 'RTOSDemo_THUMB'
linking...
Program Size: Code=9572 RO-data=32 RW-data=104 ZI-data=8000  
FromELF: creating hex file...
".\bin\RTOSDemo.axf" - 0 Errors, 0 Warning(s).
Build target 'RTOSDemo_THUMB'
compiling main.c...
servo.h(3): warning:  #1-D: last line of file ends without a newline
compiling servo.c...
servo.h(3): warning:  #1-D: last line of file ends without a newline
servo.c(105): warning:  #223-D: function "Led_Init" declared implicitly
servo.c(118): warning:  #1-D: last line of file ends without a newline
linking...
.\bin\RTOSDemo.axf: Error: L6218E: Undefined symbol Led_Init (referred from servo.o).
".\bin\RTOSDemo.axf" - 1 Errors, 4 Warning(s).
Target not created
Build target 'RTOSDemo_THUMB'
linking...
.\bin\RTOSDemo.axf: Error: L6218E: Undefined symbol Led_Init (referred from servo.o).
".\bin\RTOSDemo.axf" - 1 Errors, 0 Warning(s).
Target not created
Build target 'RTOSDemo_THUMB'
compiling servo.c...
servo.h(3): warning:  #1-D: last line of file ends without a newline
servo.c(118): warning:  #1-D: last line of file ends without a newline
linking...
Program Size: Code=9608 RO-data=32 RW-data=104 ZI-data=8000  
FromELF: creating hex file...
".\bin\RTOSDemo.axf" - 0 Errors, 2 Warning(s).
Build target 'RTOSDemo_THUMB'
linking...
Program Size: Code=9608 RO-data=32 RW-data=104 ZI-data=8000  
FromELF: creating hex file...
".\bin\RTOSDemo.axf" - 0 Errors, 0 Warning(s).
Build target 'RTOSDemo_THUMB'
compiling main.c...
compiling servo.c...
linking...
Program Size: Code=9608 RO-data=32 RW-data=104 ZI-data=8000  
FromELF: creating hex file...
".\bin\RTOSDemo.axf" - 0 Errors, 0 Warning(s).
Build target 'RTOSDemo_THUMB'
linking...
Program Size: Code=9608 RO-data=32 RW-data=104 ZI-data=8000  
FromELF: creating hex file...
".\bin\RTOSDemo.axf" - 0 Errors, 0 Warning(s).
Clean started: Project: 'RTOSDemo'
   deleting intermediate output files for target 'RTOSDemo_ARM'
   deleting intermediate output files for target 'RTOSDemo_THUMB'
